<?xml version="1.0" encoding="UTF-8"?>
<coverage generated="1588454953270" clover="3.2.0">
  <project timestamp="1588454953270" name="All files">
    <metrics statements="11" coveredstatements="7" conditionals="5" coveredconditionals="4" methods="5" coveredmethods="3" elements="21" coveredelements="14" complexity="0" loc="11" ncloc="11" packages="1" files="1" classes="1"/>
    <file name="App.jsx" path="/Users/hermit/FEC/client/src/App.jsx">
      <metrics statements="11" coveredstatements="7" conditionals="5" coveredconditionals="4" methods="5" coveredmethods="3"/>
      <line num="6" count="1" type="stmt"/>
      <line num="7" count="1" type="stmt"/>
      <line num="13" count="1" type="stmt"/>
      <line num="14" count="1" type="cond" truecount="4" falsecount="1"/>
      <line num="15" count="1" type="stmt"/>
      <line num="16" count="1" type="stmt"/>
      <line num="18" count="0" type="stmt"/>
      <line num="21" count="0" type="stmt"/>
      <line num="24" count="0" type="stmt"/>
      <line num="27" count="0" type="stmt"/>
      <line num="32" count="1" type="stmt"/>
    </file>
  </project>
</coverage>
